#
# A fatal error has been detected by the Java Runtime Environment:
#
#  EXCEPTION_ACCESS_VIOLATION (0xc0000005) at pc=0x00007ffecdc8976b, pid=13792, tid=14408
#
# JRE version: Java(TM) SE Runtime Environment (12.0.1+12) (build 12.0.1+12)
# Java VM: Java HotSpot(TM) 64-Bit Server VM (12.0.1+12, mixed mode, sharing, tiered, compressed oops, g1 gc, windows-amd64)
# Problematic frame:
# V  [jvm.dll+0x38976b]
#
# No core dump will be written. Minidumps are not enabled by default on client versions of Windows
#
# If you would like to submit a bug report, please visit:
#   http://bugreport.java.com/bugreport/crash.jsp
#

---------------  S U M M A R Y ------------

Command Line: -XX:TieredStopAtLevel=1 -Xverify:none -Dspring.output.ansi.enabled=always -Dcom.sun.management.jmxremote -Dspring.jmx.enabled=true -Dspring.liveBeansView.mbeanDomain -Dspring.application.admin.enabled=true -javaagent:D:\Users\Õı»—Û\IntelliJ IDEA 2019.1.3\lib\idea_rt.jar=53171:D:\Users\Õı»—Û\IntelliJ IDEA 2019.1.3\bin -Dfile.encoding=UTF-8 com.example.demo.DemoApplication

Host: Intel(R) Core(TM) i3-6006U CPU @ 2.00GHz, 4 cores, 3G,  Windows 10 , 64 bit Build 18362 (10.0.18362.329)
Time: Wed Oct 16 16:13:36 2019 ?D1®≤°¿®∫°¡?®∫°¿?? elapsed time: 54 seconds (0d 0h 0m 54s)

---------------  T H R E A D  ---------------

Current thread (0x0000017837337800):  JavaThread "C1 CompilerThread0" daemon [_thread_in_vm, id=14408, stack(0x000000149d300000,0x000000149d400000)]


Current CompileTask:
C1:  54181 3876   !   1       sun.nio.ch.WindowsSelectorImpl$SubSelector::processFDSet (177 bytes)

Stack: [0x000000149d300000,0x000000149d400000],  sp=0x000000149d3fde60,  free space=1015k
Native frames: (J=compiled Java code, j=interpreted, Vv=VM code, C=native code)
V  [jvm.dll+0x38976b]
V  [jvm.dll+0x537d21]
V  [jvm.dll+0x535b62]
V  [jvm.dll+0x5384be]
V  [jvm.dll+0x1b736e]
V  [jvm.dll+0x1b6f92]
V  [jvm.dll+0x1cecca]
V  [jvm.dll+0x13ba3a]
V  [jvm.dll+0x13edb7]
V  [jvm.dll+0x13cc45]
V  [jvm.dll+0x146f17]
V  [jvm.dll+0x146438]
V  [jvm.dll+0x13c4c9]
V  [jvm.dll+0x13edb7]
V  [jvm.dll+0x13cc45]
V  [jvm.dll+0x146f17]
V  [jvm.dll+0x146438]
V  [jvm.dll+0x13c4c9]
V  [jvm.dll+0x13edb7]
V  [jvm.dll+0x135d0b]
V  [jvm.dll+0x148377]
V  [jvm.dll+0x1481b4]
V  [jvm.dll+0x130c86]
V  [jvm.dll+0x131012]
V  [jvm.dll+0x13133f]
V  [jvm.dll+0x1304a7]
V  [jvm.dll+0x132557]
V  [jvm.dll+0x22a534]
V  [jvm.dll+0x228b88]
V  [jvm.dll+0x74f660]
V  [jvm.dll+0x748648]
V  [jvm.dll+0x638566]
C  [ucrtbase.dll+0x1d9f2]
C  [KERNEL32.DLL+0x17bd4]
C  [ntdll.dll+0x6cee1]


siginfo: EXCEPTION_ACCESS_VIOLATION (0xc0000005), reading address 0x0000000000000040


Register to memory mapping:

RIP=0x00007ffecdc8976b jvm.dll
RAX=0x0 is NULL
RBX=0x0 is NULL
RCX=
[error occurred during error reporting (printing register info), id 0xc0000005, EXCEPTION_ACCESS_VIOLATION (0xc0000005) at pc=0x00007ffecdbf8cff]

Registers:
RAX=0x0000000000000000, RBX=0x0000000000000000, RCX=0x00000000ffffffff, RDX=0x000000000000000b
RSP=0x000000149d3fde60, RBP=0x0000000000000001, RSI=0x000000080040f8a8, RDI=0x00000008002698e0
R8 =0x000000000000000b, R9 =0x000000080040ee00, R10=0x000000000000000b, R11=0x0000000800893108
R12=0x000000080040d6e8, R13=0x0000000800892d58, R14=0x0000000000000000, R15=0x0000000000000033
RIP=0x00007ffecdc8976b, EFLAGS=0x0000000000010202

Top of Stack: (sp=0x000000149d3fde60)
0x000000149d3fde60:   00000008002679f0 000000149d3fe278
0x000000149d3fde70:   0000000000000000 000000080040d6e8
0x000000149d3fde80:   000000080040f8a8 00007ffecde37d21
0x000000149d3fde90:   00000008002679f0 0000000000000000
0x000000149d3fdea0:   0000017837337800 000000149d3fe050
0x000000149d3fdeb0:   0000000800000000 00007ffece01209b
0x000000149d3fdec0:   0000000000000000 0000000000000000
0x000000149d3fded0:   0000000000000000 00007ffecde34c12
0x000000149d3fdee0:   000001781b11d290 00007ffecdf0d125
0x000000149d3fdef0:   0000000000000000 000000149d3fe090
0x000000149d3fdf00:   0000000800408038 000001781b11d290
0x000000149d3fdf10:   0000000000000000 00007ffecdab6f14
0x000000149d3fdf20:   0000000000000000 0000000000000000
0x000000149d3fdf30:   00000008000104a0 0000000000000000
0x000000149d3fdf40:   000000007c015a33 0000017837337800
0x000000149d3fdf50:   000000080040e760 0000000000000000 

Instructions: (pc=0x00007ffecdc8976b)
0x00007ffecdc8974b:   00 00 00 00 00 43 8d 14 10 d1 fa 48 63 c2 49 8b
0x00007ffecdc8975b:   7c c5 08 4c 8b 5f 08 49 8b 5b 08 41 0f b7 43 2a
0x00007ffecdc8976b:   4c 8b 4c c3 40 4c 3b ce 73 05 83 c9 ff eb 0a 33
0x00007ffecdc8977b:   c9 4c 3b ce 0f 95 c1 74 56 85 c9 8d 42 ff 44 0f 


Stack slot to memory mapping:
stack at sp + 0 slots: 0x00000008002679f0 is pointing into metadata
stack at sp + 1 slots: 0x000000149d3fe278 is pointing into the stack for thread: 0x0000017837337800
stack at sp + 2 slots: 0x0 is NULL
stack at sp + 3 slots: 0x000000080040d6e8 is pointing into metadata
stack at sp + 4 slots: 0x000000080040f8a8 is pointing into metadata
stack at sp + 5 slots: 0x00007ffecde37d21 jvm.dll
stack at sp + 6 slots: 0x00000008002679f0 is pointing into metadata
stack at sp + 7 slots: 0x0 is NULL


---------------  P R O C E S S  ---------------

Threads class SMR info:
_java_thread_list=0x0000017838e65820, length=28, elements={
0x0000017837312000, 0x0000017837313000, 0x0000017837334000, 0x0000017837336000,
0x0000017837337800, 0x000001783733a800, 0x00000178372fc800, 0x0000017837750000,
0x0000017837751800, 0x0000017837bdd000, 0x0000017837d80800, 0x0000017837d81000,
0x0000017837d82000, 0x0000017838ba8800, 0x0000017838e8d800, 0x0000017838e8e000,
0x0000017838e8f000, 0x0000017838e93800, 0x0000017838e95800, 0x0000017838e97000,
0x0000017838e96000, 0x0000017838e97800, 0x0000017838e99800, 0x0000017838e94800,
0x0000017838e98800, 0x0000017838e9a000, 0x0000017838e9b000, 0x0000017838ebb800
}

Java Threads: ( => current thread )
  0x0000017837312000 JavaThread "Reference Handler" daemon [_thread_blocked, id=18816, stack(0x000000149cf00000,0x000000149d000000)]
  0x0000017837313000 JavaThread "Finalizer" daemon [_thread_blocked, id=21016, stack(0x000000149d000000,0x000000149d100000)]
  0x0000017837334000 JavaThread "Signal Dispatcher" daemon [_thread_blocked, id=6064, stack(0x000000149d100000,0x000000149d200000)]
  0x0000017837336000 JavaThread "Attach Listener" daemon [_thread_blocked, id=19048, stack(0x000000149d200000,0x000000149d300000)]
=>0x0000017837337800 JavaThread "C1 CompilerThread0" daemon [_thread_in_vm, id=14408, stack(0x000000149d300000,0x000000149d400000)]
  0x000001783733a800 JavaThread "Sweeper thread" daemon [_thread_blocked, id=7680, stack(0x000000149d400000,0x000000149d500000)]
  0x00000178372fc800 JavaThread "Common-Cleaner" daemon [_thread_blocked, id=21788, stack(0x000000149d500000,0x000000149d600000)]
  0x0000017837750000 JavaThread "Monitor Ctrl-Break" daemon [_thread_in_native, id=22900, stack(0x000000149d600000,0x000000149d700000)]
  0x0000017837751800 JavaThread "Service Thread" daemon [_thread_blocked, id=16680, stack(0x000000149d700000,0x000000149d800000)]
  0x0000017837bdd000 JavaThread "RMI TCP Accept-0" daemon [_thread_in_native, id=18464, stack(0x000000149d800000,0x000000149d900000)]
  0x0000017837d80800 JavaThread "Catalina-utility-1" [_thread_blocked, id=7444, stack(0x000000149dc00000,0x000000149dd00000)]
  0x0000017837d81000 JavaThread "Catalina-utility-2" [_thread_blocked, id=6604, stack(0x000000149df00000,0x000000149e000000)]
  0x0000017837d82000 JavaThread "container-0" [_thread_blocked, id=11648, stack(0x000000149e000000,0x000000149e100000)]
  0x0000017838ba8800 JavaThread "mysql-cj-abandoned-connection-cleanup" daemon [_thread_blocked, id=17440, stack(0x000000149e100000,0x000000149e200000)]
  0x0000017838e8d800 JavaThread "http-nio-8081-BlockPoller" daemon [_thread_in_native, id=1152, stack(0x000000149e200000,0x000000149e300000)]
  0x0000017838e8e000 JavaThread "http-nio-8081-exec-1" daemon [_thread_blocked, id=9484, stack(0x000000149e300000,0x000000149e400000)]
  0x0000017838e8f000 JavaThread "http-nio-8081-exec-2" daemon [_thread_blocked, id=24400, stack(0x000000149e400000,0x000000149e500000)]
  0x0000017838e93800 JavaThread "http-nio-8081-exec-3" daemon [_thread_blocked, id=14584, stack(0x000000149e500000,0x000000149e600000)]
  0x0000017838e95800 JavaThread "http-nio-8081-exec-4" daemon [_thread_blocked, id=17268, stack(0x000000149e600000,0x000000149e700000)]
  0x0000017838e97000 JavaThread "http-nio-8081-exec-5" daemon [_thread_blocked, id=17896, stack(0x000000149e700000,0x000000149e800000)]
  0x0000017838e96000 JavaThread "http-nio-8081-exec-6" daemon [_thread_blocked, id=24520, stack(0x000000149e800000,0x000000149e900000)]
  0x0000017838e97800 JavaThread "http-nio-8081-exec-7" daemon [_thread_blocked, id=22880, stack(0x000000149e900000,0x000000149ea00000)]
  0x0000017838e99800 JavaThread "http-nio-8081-exec-8" daemon [_thread_blocked, id=19916, stack(0x000000149ea00000,0x000000149eb00000)]
  0x0000017838e94800 JavaThread "http-nio-8081-exec-9" daemon [_thread_blocked, id=6076, stack(0x000000149eb00000,0x000000149ec00000)]
  0x0000017838e98800 JavaThread "http-nio-8081-exec-10" daemon [_thread_blocked, id=17012, stack(0x000000149ec00000,0x000000149ed00000)]
  0x0000017838e9a000 JavaThread "http-nio-8081-ClientPoller" daemon [_thread_in_native, id=3280, stack(0x000000149ed00000,0x000000149ee00000)]
  0x0000017838e9b000 JavaThread "http-nio-8081-Acceptor" daemon [_thread_in_native, id=6888, stack(0x000000149ee00000,0x000000149ef00000)]
  0x0000017838ebb800 JavaThread "DestroyJavaVM" [_thread_blocked, id=21764, stack(0x000000149c800000,0x000000149c900000)]

Other Threads:
  0x000001783730e800 VMThread "VM Thread" [stack: 0x000000149ce00000,0x000000149cf00000] [id=22060]
  0x0000017837c20000 WatcherThread [stack: 0x000000149d900000,0x000000149da00000] [id=20400]
  0x000001781b14c800 GCTaskThread "GC Thread#0" [stack: 0x000000149c900000,0x000000149ca00000] [id=22192]
  0x0000017837e02000 GCTaskThread "GC Thread#1" [stack: 0x000000149da00000,0x000000149db00000] [id=4560]
  0x0000017837ffa000 GCTaskThread "GC Thread#2" [stack: 0x000000149dd00000,0x000000149de00000] [id=3784]
  0x0000017837ffa800 GCTaskThread "GC Thread#3" [stack: 0x000000149de00000,0x000000149df00000] [id=12620]
  0x000001781b154800 ConcurrentGCThread "G1 Main Marker" [stack: 0x000000149ca00000,0x000000149cb00000] [id=10384]
  0x000001781b157000 ConcurrentGCThread "G1 Conc#0" [stack: 0x000000149cb00000,0x000000149cc00000] [id=8716]
  0x000001781b19a800 ConcurrentGCThread "G1 Refine#0" [stack: 0x000000149cc00000,0x000000149cd00000] [id=23272]
  0x00000178375e3800 ConcurrentGCThread "G1 Refine#1" [stack: 0x000000149db00000,0x000000149dc00000] [id=6256]
  0x000001781b19c000 ConcurrentGCThread "G1 Young RemSet Sampling" [stack: 0x000000149cd00000,0x000000149ce00000] [id=24228]

Threads with active compile tasks:
C1 CompilerThread0  3876   !   1       sun.nio.ch.WindowsSelectorImpl$SubSelector::processFDSet (177 bytes)

VM state:not at safepoint (normal execution)

VM Mutex/Monitor currently owned by a thread: None

Heap address: 0x00000000c6800000, size: 920 MB, Compressed Oops mode: 32-bit
Narrow klass base: 0x0000000800000000, Narrow klass shift: 3
Compressed class space size: 1073741824 Address: 0x00000008011a0000

Heap:
 garbage-first heap   total 58368K, used 29738K [0x00000000c6800000, 0x0000000100000000)
  region size 1024K, 18 young (18432K), 4 survivors (4096K)
 Metaspace       used 28249K, capacity 29235K, committed 29568K, reserved 1075200K
  class space    used 3771K, capacity 4142K, committed 4224K, reserved 1048576K
Heap Regions: E=young(eden), S=young(survivor), O=old, HS=humongous(starts), HC=humongous(continues), CS=collection set, F=free, A=archive, TAMS=top-at-mark-start (previous, next)
|   0|0x00000000c6800000, 0x00000000c6900000, 0x00000000c6900000|100%| O|  |TAMS 0x00000000c6900000, 0x00000000c6800000| Untracked 
|   1|0x00000000c6900000, 0x00000000c6a00000, 0x00000000c6a00000|100%| O|  |TAMS 0x00000000c6a00000, 0x00000000c6900000| Untracked 
|   2|0x00000000c6a00000, 0x00000000c6b00000, 0x00000000c6b00000|100%| O|  |TAMS 0x00000000c6b00000, 0x00000000c6a00000| Untracked 
|   3|0x00000000c6b00000, 0x00000000c6c00000, 0x00000000c6c00000|100%| O|  |TAMS 0x00000000c6c00000, 0x00000000c6b00000| Untracked 
|   4|0x00000000c6c00000, 0x00000000c6d00000, 0x00000000c6d00000|100%| O|  |TAMS 0x00000000c6d00000, 0x00000000c6c00000| Untracked 
|   5|0x00000000c6d00000, 0x00000000c6e00000, 0x00000000c6e00000|100%| O|  |TAMS 0x00000000c6e00000, 0x00000000c6d00000| Untracked 
|   6|0x00000000c6e00000, 0x00000000c6f00000, 0x00000000c6f00000|100%| O|  |TAMS 0x00000000c6f00000, 0x00000000c6e00000| Untracked 
|   7|0x00000000c6f00000, 0x00000000c7000000, 0x00000000c7000000|100%| O|  |TAMS 0x00000000c6f19400, 0x00000000c6f00000| Untracked 
|   8|0x00000000c7000000, 0x00000000c7092200, 0x00000000c7100000| 57%| O|  |TAMS 0x00000000c7000000, 0x00000000c7000000| Untracked 
|   9|0x00000000c7100000, 0x00000000c7200000, 0x00000000c7200000|100%| O|  |TAMS 0x00000000c7100000, 0x00000000c7100000| Untracked 
|  10|0x00000000c7200000, 0x00000000c7300000, 0x00000000c7300000|100%| O|  |TAMS 0x00000000c7200000, 0x00000000c7200000| Untracked 
|  11|0x00000000c7300000, 0x00000000c7400000, 0x00000000c7400000|100%| O|  |TAMS 0x00000000c7300000, 0x00000000c7300000| Untracked 
|  12|0x00000000c7400000, 0x00000000c74cca00, 0x00000000c7500000| 79%| O|  |TAMS 0x00000000c7400000, 0x00000000c7400000| Untracked 
|  13|0x00000000c7500000, 0x00000000c7500000, 0x00000000c7600000|  0%| F|  |TAMS 0x00000000c7500000, 0x00000000c7500000| Untracked 
|  14|0x00000000c7600000, 0x00000000c7600000, 0x00000000c7700000|  0%| F|  |TAMS 0x00000000c7600000, 0x00000000c7600000| Untracked 
|  15|0x00000000c7700000, 0x00000000c7700000, 0x00000000c7800000|  0%| F|  |TAMS 0x00000000c7700000, 0x00000000c7700000| Untracked 
|  16|0x00000000c7800000, 0x00000000c7800000, 0x00000000c7900000|  0%| F|  |TAMS 0x00000000c7800000, 0x00000000c7800000| Untracked 
|  17|0x00000000c7900000, 0x00000000c7900000, 0x00000000c7a00000|  0%| F|  |TAMS 0x00000000c7900000, 0x00000000c7900000| Untracked 
|  18|0x00000000c7a00000, 0x00000000c7a00000, 0x00000000c7b00000|  0%| F|  |TAMS 0x00000000c7a00000, 0x00000000c7a00000| Untracked 
|  19|0x00000000c7b00000, 0x00000000c7b00000, 0x00000000c7c00000|  0%| F|  |TAMS 0x00000000c7b00000, 0x00000000c7b00000| Untracked 
|  20|0x00000000c7c00000, 0x00000000c7c00000, 0x00000000c7d00000|  0%| F|  |TAMS 0x00000000c7c00000, 0x00000000c7c00000| Untracked 
|  21|0x00000000c7d00000, 0x00000000c7d00000, 0x00000000c7e00000|  0%| F|  |TAMS 0x00000000c7d00000, 0x00000000c7d00000| Untracked 
|  22|0x00000000c7e00000, 0x00000000c7e00000, 0x00000000c7f00000|  0%| F|  |TAMS 0x00000000c7e00000, 0x00000000c7e00000| Untracked 
|  23|0x00000000c7f00000, 0x00000000c7f00000, 0x00000000c8000000|  0%| F|  |TAMS 0x00000000c7f00000, 0x00000000c7f00000| Untracked 
|  24|0x00000000c8000000, 0x00000000c8000000, 0x00000000c8100000|  0%| F|  |TAMS 0x00000000c8000000, 0x00000000c8000000| Untracked 
|  25|0x00000000c8100000, 0x00000000c8100000, 0x00000000c8200000|  0%| F|  |TAMS 0x00000000c8100000, 0x00000000c8100000| Untracked 
|  26|0x00000000c8200000, 0x00000000c8200000, 0x00000000c8300000|  0%| F|  |TAMS 0x00000000c8200000, 0x00000000c8200000| Untracked 
|  27|0x00000000c8300000, 0x00000000c8300000, 0x00000000c8400000|  0%| F|  |TAMS 0x00000000c8300000, 0x00000000c8300000| Untracked 
|  28|0x00000000c8400000, 0x00000000c84abde0, 0x00000000c8500000| 67%| S|CS|TAMS 0x00000000c8400000, 0x00000000c8400000| Complete 
|  29|0x00000000c8500000, 0x00000000c8600000, 0x00000000c8600000|100%| S|CS|TAMS 0x00000000c8500000, 0x00000000c8500000| Complete 
|  30|0x00000000c8600000, 0x00000000c8700000, 0x00000000c8700000|100%| S|CS|TAMS 0x00000000c8600000, 0x00000000c8600000| Complete 
|  31|0x00000000c8700000, 0x00000000c8800000, 0x00000000c8800000|100%| S|CS|TAMS 0x00000000c8700000, 0x00000000c8700000| Complete 
|  32|0x00000000c8800000, 0x00000000c8800000, 0x00000000c8900000|  0%| F|  |TAMS 0x00000000c8800000, 0x00000000c8800000| Untracked 
|  33|0x00000000c8900000, 0x00000000c8900000, 0x00000000c8a00000|  0%| F|  |TAMS 0x00000000c8900000, 0x00000000c8900000| Untracked 
|  34|0x00000000c8a00000, 0x00000000c8a00000, 0x00000000c8b00000|  0%| F|  |TAMS 0x00000000c8a00000, 0x00000000c8a00000| Untracked 
|  35|0x00000000c8b00000, 0x00000000c8b00000, 0x00000000c8c00000|  0%| F|  |TAMS 0x00000000c8b00000, 0x00000000c8b00000| Untracked 
|  36|0x00000000c8c00000, 0x00000000c8c00000, 0x00000000c8d00000|  0%| F|  |TAMS 0x00000000c8c00000, 0x00000000c8c00000| Untracked 
|  37|0x00000000c8d00000, 0x00000000c8d00000, 0x00000000c8e00000|  0%| F|  |TAMS 0x00000000c8d00000, 0x00000000c8d00000| Untracked 
|  38|0x00000000c8e00000, 0x00000000c8e00000, 0x00000000c8f00000|  0%| F|  |TAMS 0x00000000c8e00000, 0x00000000c8e00000| Untracked 
|  39|0x00000000c8f00000, 0x00000000c8f00000, 0x00000000c9000000|  0%| F|  |TAMS 0x00000000c8f00000, 0x00000000c8f00000| Untracked 
|  40|0x00000000c9000000, 0x00000000c9000000, 0x00000000c9100000|  0%| F|  |TAMS 0x00000000c9000000, 0x00000000c9000000| Untracked 
|  41|0x00000000c9100000, 0x00000000c9100000, 0x00000000c9200000|  0%| F|  |TAMS 0x00000000c9100000, 0x00000000c9100000| Untracked 
|  42|0x00000000c9200000, 0x00000000c9200000, 0x00000000c9300000|  0%| F|  |TAMS 0x00000000c9200000, 0x00000000c9200000| Untracked 
|  43|0x00000000c9300000, 0x00000000c9320820, 0x00000000c9400000| 12%| E|  |TAMS 0x00000000c9300000, 0x00000000c9300000| Complete 
|  44|0x00000000c9400000, 0x00000000c9500000, 0x00000000c9500000|100%| E|CS|TAMS 0x00000000c9400000, 0x00000000c9400000| Complete 
|  45|0x00000000c9500000, 0x00000000c9600000, 0x00000000c9600000|100%| E|CS|TAMS 0x00000000c9500000, 0x00000000c9500000| Complete 
|  46|0x00000000c9600000, 0x00000000c9700000, 0x00000000c9700000|100%| E|CS|TAMS 0x00000000c9600000, 0x00000000c9600000| Complete 
|  47|0x00000000c9700000, 0x00000000c9800000, 0x00000000c9800000|100%| E|CS|TAMS 0x00000000c9700000, 0x00000000c9700000| Complete 
|  48|0x00000000c9800000, 0x00000000c9900000, 0x00000000c9900000|100%| E|CS|TAMS 0x00000000c9800000, 0x00000000c9800000| Complete 
|  49|0x00000000c9900000, 0x00000000c9a00000, 0x00000000c9a00000|100%| E|CS|TAMS 0x00000000c9900000, 0x00000000c9900000| Complete 
|  50|0x00000000c9a00000, 0x00000000c9b00000, 0x00000000c9b00000|100%| E|CS|TAMS 0x00000000c9a00000, 0x00000000c9a00000| Complete 
|  51|0x00000000c9b00000, 0x00000000c9c00000, 0x00000000c9c00000|100%| E|CS|TAMS 0x00000000c9b00000, 0x00000000c9b00000| Complete 
|  52|0x00000000c9c00000, 0x00000000c9d00000, 0x00000000c9d00000|100%| E|CS|TAMS 0x00000000c9c00000, 0x00000000c9c00000| Complete 
|  53|0x00000000c9d00000, 0x00000000c9e00000, 0x00000000c9e00000|100%| E|CS|TAMS 0x00000000c9d00000, 0x00000000c9d00000| Complete 
|  54|0x00000000c9e00000, 0x00000000c9f00000, 0x00000000c9f00000|100%| E|CS|TAMS 0x00000000c9e00000, 0x00000000c9e00000| Complete 
|  56|0x00000000ca000000, 0x00000000ca100000, 0x00000000ca100000|100%| E|CS|TAMS 0x00000000ca000000, 0x00000000ca000000| Complete 
|  57|0x00000000ca100000, 0x00000000ca200000, 0x00000000ca200000|100%| E|CS|TAMS 0x00000000ca100000, 0x00000000ca100000| Complete 

Card table byte_map: [0x0000017832520000,0x00000178326f0000] _byte_map_base: 0x0000017831eec000

Marking Bits (Prev, Next): (CMBitMap*) 0x000001781b14e918, (CMBitMap*) 0x000001781b14e8d8
 Prev Bits: [0x0000017833720000, 0x0000017834580000)
 Next Bits: [0x00000178328c0000, 0x0000017833720000)

Polling page: 0x0000017819010000

Metaspace:

Usage:
  Non-class:     24.50 MB capacity,    23.90 MB ( 98%) used,   511.84 KB (  2%) free+waste,   103.75 KB ( <1%) overhead. 
      Class:      4.04 MB capacity,     3.68 MB ( 91%) used,   318.30 KB (  8%) free+waste,    52.06 KB (  1%) overhead. 
       Both:     28.55 MB capacity,    27.59 MB ( 97%) used,   830.14 KB (  3%) free+waste,   155.81 KB ( <1%) overhead. 

Virtual space:
  Non-class space:       26.00 MB reserved,      24.75 MB ( 95%) committed 
      Class space:        1.00 GB reserved,       4.13 MB ( <1%) committed 
             Both:        1.03 GB reserved,      28.88 MB (  3%) committed 

Chunk freelists:
   Non-Class:  0 bytes
       Class:  0 bytes
        Both:  0 bytes

CodeHeap 'non-profiled nmethods': size=238912Kb used=6789Kb max_used=6789Kb free=232122Kb
 bounds [0x0000017823bd0000, 0x0000017824280000, 0x0000017832520000]
CodeHeap 'non-nmethods': size=6848Kb used=1179Kb max_used=1179Kb free=5669Kb
 bounds [0x0000017823520000, 0x0000017823790000, 0x0000017823bd0000]
 total_blobs=4396 nmethods=3859 adapters=431
 compilation: enabled
              stopped_count=0, restarted_count=0
 full_count=0

Compilation events (10 events):
Event: 43.083 Thread 0x0000017837337800 nmethod 3871 0x000001782426fc10 code [0x000001782426fdc0, 0x000001782426fef8]
Event: 44.943 Thread 0x0000017837337800 3872   !   1       jdk.internal.loader.URLClassPath::check (123 bytes)
Event: 44.946 Thread 0x0000017837337800 nmethod 3872 0x000001782426ff90 code [0x00000178242701e0, 0x0000017824270670]
Event: 46.087 Thread 0x0000017837337800 3873       1       java.util.concurrent.ThreadPoolExecutor::runStateAtLeast (11 bytes)
Event: 46.087 Thread 0x0000017837337800 nmethod 3873 0x0000017824270910 code [0x0000017824270ac0, 0x0000017824270bd8]
Event: 47.088 Thread 0x0000017837337800 3874       1       java.util.concurrent.ScheduledThreadPoolExecutor$DelayedWorkQueue::setIndex (16 bytes)
Event: 47.088 Thread 0x0000017837337800 nmethod 3874 0x0000017824270c90 code [0x0000017824270e40, 0x0000017824270fd8]
Event: 47.088 Thread 0x0000017837337800 3875       1       java.util.concurrent.locks.AbstractQueuedSynchronizer::isOnSyncQueue (33 bytes)
Event: 47.089 Thread 0x0000017837337800 nmethod 3875 0x0000017824271090 code [0x0000017824271240, 0x0000017824271418]
Event: 54.118 Thread 0x0000017837337800 3876   !   1       sun.nio.ch.WindowsSelectorImpl$SubSelector::processFDSet (177 bytes)

GC Heap History (10 events):
Event: 7.705 GC heap before
{Heap before GC invocations=5 (full 0):
 garbage-first heap   total 59392K, used 35633K [0x00000000c6800000, 0x0000000100000000)
  region size 1024K, 30 young (30720K), 4 survivors (4096K)
 Metaspace       used 20033K, capacity 20706K, committed 20992K, reserved 1067008K
  class space    used 2702K, capacity 2990K, committed 3072K, reserved 1048576K
}
Event: 7.717 GC heap after
{Heap after GC invocations=6 (full 0):
 garbage-first heap   total 59392K, used 10546K [0x00000000c6800000, 0x0000000100000000)
  region size 1024K, 4 young (4096K), 4 survivors (4096K)
 Metaspace       used 20033K, capacity 20706K, committed 20992K, reserved 1067008K
  class space    used 2702K, capacity 2990K, committed 3072K, reserved 1048576K
}
Event: 7.990 GC heap before
{Heap before GC invocations=6 (full 0):
 garbage-first heap   total 59392K, used 16690K [0x00000000c6800000, 0x0000000100000000)
  region size 1024K, 11 young (11264K), 4 survivors (4096K)
 Metaspace       used 20523K, capacity 21227K, committed 21248K, reserved 1067008K
  class space    used 2764K, capacity 3057K, committed 3072K, reserved 1048576K
}
Event: 8.002 GC heap after
{Heap after GC invocations=7 (full 0):
 garbage-first heap   total 59392K, used 11127K [0x00000000c6800000, 0x0000000100000000)
  region size 1024K, 3 young (3072K), 3 survivors (3072K)
 Metaspace       used 20523K, capacity 21227K, committed 21248K, reserved 1067008K
  class space    used 2764K, capacity 3057K, committed 3072K, reserved 1048576K
}
Event: 9.122 GC heap before
{Heap before GC invocations=8 (full 0):
 garbage-first heap   total 48128K, used 36727K [0x00000000c6800000, 0x0000000100000000)
  region size 1024K, 28 young (28672K), 3 survivors (3072K)
 Metaspace       used 23151K, capacity 23998K, committed 24320K, reserved 1071104K
  class space    used 3132K, capacity 3470K, committed 3584K, reserved 1048576K
}
Event: 9.140 GC heap after
{Heap after GC invocations=9 (full 0):
 garbage-first heap   total 48128K, used 12722K [0x00000000c6800000, 0x0000000100000000)
  region size 1024K, 4 young (4096K), 4 survivors (4096K)
 Metaspace       used 23151K, capacity 23998K, committed 24320K, reserved 1071104K
  class space    used 3132K, capacity 3470K, committed 3584K, reserved 1048576K
}
Event: 10.022 GC heap before
{Heap before GC invocations=9 (full 0):
 garbage-first heap   total 48128K, used 35250K [0x00000000c6800000, 0x0000000100000000)
  region size 1024K, 26 young (26624K), 4 survivors (4096K)
 Metaspace       used 25465K, capacity 26337K, committed 26624K, reserved 1073152K
  class space    used 3397K, capacity 3733K, committed 3840K, reserved 1048576K
}
Event: 10.034 GC heap after
{Heap after GC invocations=10 (full 0):
 garbage-first heap   total 58368K, used 14640K [0x00000000c6800000, 0x0000000100000000)
  region size 1024K, 4 young (4096K), 4 survivors (4096K)
 Metaspace       used 25465K, capacity 26337K, committed 26624K, reserved 1073152K
  class space    used 3397K, capacity 3733K, committed 3840K, reserved 1048576K
}
Event: 10.794 GC heap before
{Heap before GC invocations=10 (full 0):
 garbage-first heap   total 58368K, used 40240K [0x00000000c6800000, 0x0000000100000000)
  region size 1024K, 29 young (29696K), 4 survivors (4096K)
 Metaspace       used 27302K, capacity 28281K, committed 28416K, reserved 1073152K
  class space    used 3630K, capacity 4014K, committed 4096K, reserved 1048576K
}
Event: 10.804 GC heap after
{Heap after GC invocations=11 (full 0):
 garbage-first heap   total 58368K, used 16426K [0x00000000c6800000, 0x0000000100000000)
  region size 1024K, 4 young (4096K), 4 survivors (4096K)
 Metaspace       used 27302K, capacity 28281K, committed 28416K, reserved 1073152K
  class space    used 3630K, capacity 4014K, committed 4096K, reserved 1048576K
}

Deoptimization events (0 events):
No events

Classes redefined (0 events):
No events

Internal exceptions (10 events):
Event: 10.145 Thread 0x000001781b120000 Exception <a 'java/lang/ClassNotFoundException'{0x00000000c9d10898}: org/springframework/context/annotation/ConfigurationClassEnhancer$EnhancedConfigurationCustomizer> (0x00000000c9d10898) thrown at [t:/workspace/open/src/hotspot/share/classfile/systemDic
Event: 10.146 Thread 0x000001781b120000 Exception <a 'java/lang/ClassNotFoundException'{0x00000000c9d18bc8}: org/springframework/beans/factory/BeanFactoryAwareCustomizer> (0x00000000c9d18bc8) thrown at [t:/workspace/open/src/hotspot/share/classfile/systemDictionary.cpp, line 235]
Event: 10.148 Thread 0x000001781b120000 Exception <a 'java/lang/ClassNotFoundException'{0x00000000c9d215e0}: org/springframework/beans/factory/AwareCustomizer> (0x00000000c9d215e0) thrown at [t:/workspace/open/src/hotspot/share/classfile/systemDictionary.cpp, line 235]
Event: 10.150 Thread 0x000001781b120000 Exception <a 'java/lang/ClassNotFoundException'{0x00000000c9d298b8}: org/springframework/context/ApplicationContextAwareCustomizer> (0x00000000c9d298b8) thrown at [t:/workspace/open/src/hotspot/share/classfile/systemDictionary.cpp, line 235]
Event: 10.152 Thread 0x000001781b120000 Exception <a 'java/lang/ClassNotFoundException'{0x00000000c9d32708}: org/springframework/beans/factory/AwareCustomizer> (0x00000000c9d32708) thrown at [t:/workspace/open/src/hotspot/share/classfile/systemDictionary.cpp, line 235]
Event: 10.152 Thread 0x000001781b120000 Exception <a 'java/lang/ClassNotFoundException'{0x00000000c9d3a9a8}: org/springframework/web/context/ServletContextAwareCustomizer> (0x00000000c9d3a9a8) thrown at [t:/workspace/open/src/hotspot/share/classfile/systemDictionary.cpp, line 235]
Event: 10.153 Thread 0x000001781b120000 Exception <a 'java/lang/ClassNotFoundException'{0x00000000c9d43080}: org/springframework/beans/factory/AwareCustomizer> (0x00000000c9d43080) thrown at [t:/workspace/open/src/hotspot/share/classfile/systemDictionary.cpp, line 235]
Event: 10.358 Thread 0x000001781b120000 Exception <a 'java/lang/NoSuchMethodError'{0x00000000c93d1690}: java.lang.invoke.DirectMethodHandle$Holder.invokeVirtual(Ljava/lang/Object;Ljava/lang/Object;I)V> (0x00000000c93d1690) thrown at [t:/workspace/open/src/hotspot/share/interpreter/linkResolver.
Event: 11.084 Thread 0x000001781b120000 Exception <a 'java/lang/NoSuchMethodError'{0x00000000c97eb520}: java.lang.invoke.DirectMethodHandle$Holder.invokeSpecial(Ljava/lang/Object;Ljava/lang/Object;)V> (0x00000000c97eb520) thrown at [t:/workspace/open/src/hotspot/share/interpreter/linkResolver.c
Event: 11.085 Thread 0x000001781b120000 Exception <a 'java/lang/NoSuchMethodError'{0x00000000c97f0b40}: java.lang.invoke.DirectMethodHandle$Holder.newInvokeSpecial(Ljava/lang/Object;I)Ljava/lang/Object;> (0x00000000c97f0b40) thrown at [t:/workspace/open/src/hotspot/share/interpreter/linkResolve

Events (10 events):
Event: 19.908 loading class org/apache/catalina/webresources/Cache$EvictionOrder
Event: 19.908 loading class org/apache/catalina/webresources/Cache$EvictionOrder done
Event: 19.911 Executing VM operation: RevokeBias
Event: 19.911 Executing VM operation: RevokeBias done
Event: 19.912 loading class org/apache/tomcat/PeriodicEventListener
Event: 19.912 loading class org/apache/tomcat/PeriodicEventListener done
Event: 19.914 Executing VM operation: RevokeBias
Event: 19.914 Executing VM operation: RevokeBias done
Event: 19.915 Executing VM operation: RevokeBias
Event: 19.915 Executing VM operation: RevokeBias done


Dynamic libraries:
0x00007ff790de0000 - 0x00007ff790def000 	C:\Program Files\Java\jdk-12.0.1\bin\java.exe
0x00007fff3f020000 - 0x00007fff3f210000 	C:\WINDOWS\SYSTEM32\ntdll.dll
0x00007fff3d2b0000 - 0x00007fff3d362000 	C:\WINDOWS\System32\KERNEL32.DLL
0x00007fff3c860000 - 0x00007fff3cb03000 	C:\WINDOWS\System32\KERNELBASE.dll
0x00007fff3ce50000 - 0x00007fff3cf4a000 	C:\WINDOWS\System32\ucrtbase.dll
0x00007fff314a0000 - 0x00007fff314b8000 	C:\Program Files\Java\jdk-12.0.1\bin\jli.dll
0x00007fff3de90000 - 0x00007fff3df33000 	C:\WINDOWS\System32\ADVAPI32.dll
0x00007fff3e720000 - 0x00007fff3e7be000 	C:\WINDOWS\System32\msvcrt.dll
0x00007fff3e350000 - 0x00007fff3e3e7000 	C:\WINDOWS\System32\sechost.dll
0x00007fff3e600000 - 0x00007fff3e720000 	C:\WINDOWS\System32\RPCRT4.dll
0x00007fff2e860000 - 0x00007fff2e876000 	C:\Program Files\Java\jdk-12.0.1\bin\VCRUNTIME140.dll
0x00007fff3d370000 - 0x00007fff3d503000 	C:\WINDOWS\System32\USER32.dll
0x00007fff3c050000 - 0x00007fff3c071000 	C:\WINDOWS\System32\win32u.dll
0x00007fff3e5c0000 - 0x00007fff3e5e6000 	C:\WINDOWS\System32\GDI32.dll
0x00007fff3cb10000 - 0x00007fff3cca4000 	C:\WINDOWS\System32\gdi32full.dll
0x00007fff3bfb0000 - 0x00007fff3c04e000 	C:\WINDOWS\System32\msvcp_win.dll
0x00007fff2a220000 - 0x00007fff2a4a5000 	C:\WINDOWS\WinSxS\amd64_microsoft.windows.common-controls_6595b64144ccf1df_6.0.18362.356_none_e6c4af7d130f27cc\COMCTL32.dll
0x00007fff3df40000 - 0x00007fff3e276000 	C:\WINDOWS\System32\combase.dll
0x00007fff3cf70000 - 0x00007fff3cff0000 	C:\WINDOWS\System32\bcryptPrimitives.dll
0x00007fff30010000 - 0x00007fff3001a000 	C:\WINDOWS\SYSTEM32\VERSION.dll
0x00007fff3d6d0000 - 0x00007fff3d6fe000 	C:\WINDOWS\System32\IMM32.DLL
0x00007ffefb0d0000 - 0x00007ffefb17a000 	C:\Program Files\Java\jdk-12.0.1\bin\msvcp140.dll
0x00007ffecd900000 - 0x00007ffece474000 	C:\Program Files\Java\jdk-12.0.1\bin\server\jvm.dll
0x00007fff3e5f0000 - 0x00007fff3e5f8000 	C:\WINDOWS\System32\PSAPI.DLL
0x00007fff2c370000 - 0x00007fff2c379000 	C:\WINDOWS\SYSTEM32\WSOCK32.dll
0x00007fff3e4a0000 - 0x00007fff3e50f000 	C:\WINDOWS\System32\WS2_32.dll
0x00007fff398c0000 - 0x00007fff398e4000 	C:\WINDOWS\SYSTEM32\WINMM.dll
0x00007fff39890000 - 0x00007fff398bd000 	C:\WINDOWS\SYSTEM32\WINMMBASE.dll
0x00007fff3ce00000 - 0x00007fff3ce4a000 	C:\WINDOWS\System32\cfgmgr32.dll
0x00007fff3bf90000 - 0x00007fff3bfa1000 	C:\WINDOWS\System32\kernel.appcore.dll
0x00007fff2e700000 - 0x00007fff2e711000 	C:\Program Files\Java\jdk-12.0.1\bin\verify.dll
0x00007fff3a760000 - 0x00007fff3a954000 	C:\WINDOWS\SYSTEM32\DBGHELP.DLL
0x00007fff29b80000 - 0x00007fff29baa000 	C:\WINDOWS\SYSTEM32\dbgcore.DLL
0x00007fff2e3a0000 - 0x00007fff2e3c6000 	C:\Program Files\Java\jdk-12.0.1\bin\java.dll
0x00007fff38440000 - 0x00007fff3844e000 	C:\Program Files\Java\jdk-12.0.1\bin\instrument.dll
0x00007fff2e6b0000 - 0x00007fff2e6c7000 	C:\Program Files\Java\jdk-12.0.1\bin\zip.dll
0x00007fff2e850000 - 0x00007fff2e85a000 	C:\Program Files\Java\jdk-12.0.1\bin\jimage.dll
0x00007fff3e890000 - 0x00007fff3ef75000 	C:\WINDOWS\System32\SHELL32.dll
0x00007fff3e3f0000 - 0x00007fff3e499000 	C:\WINDOWS\System32\shcore.dll
0x00007fff3c0e0000 - 0x00007fff3c85e000 	C:\WINDOWS\System32\windows.storage.dll
0x00007fff3bf70000 - 0x00007fff3bf8f000 	C:\WINDOWS\System32\profapi.dll
0x00007fff3bf00000 - 0x00007fff3bf4a000 	C:\WINDOWS\System32\powrprof.dll
0x00007fff3bef0000 - 0x00007fff3bf00000 	C:\WINDOWS\System32\UMPDC.dll
0x00007fff3ef80000 - 0x00007fff3efd2000 	C:\WINDOWS\System32\shlwapi.dll
0x00007fff3cf50000 - 0x00007fff3cf67000 	C:\WINDOWS\System32\cryptsp.dll
0x00007fff1c5d0000 - 0x00007fff1c5e9000 	C:\Program Files\Java\jdk-12.0.1\bin\net.dll
0x00007fff2f8f0000 - 0x00007fff2fac6000 	C:\WINDOWS\SYSTEM32\urlmon.dll
0x00007fff2fcf0000 - 0x00007fff2fde0000 	C:\WINDOWS\SYSTEM32\WINHTTP.dll
0x00007fff2f640000 - 0x00007fff2f8e6000 	C:\WINDOWS\SYSTEM32\iertutil.dll
0x00007fff3b860000 - 0x00007fff3b86c000 	C:\WINDOWS\SYSTEM32\CRYPTBASE.DLL
0x00007fff3b690000 - 0x00007fff3b6f7000 	C:\WINDOWS\system32\mswsock.dll
0x00007fff1c560000 - 0x00007fff1c573000 	C:\Program Files\Java\jdk-12.0.1\bin\nio.dll
0x00007fff3b3e0000 - 0x00007fff3b4aa000 	C:\WINDOWS\SYSTEM32\DNSAPI.dll
0x00007fff3de20000 - 0x00007fff3de28000 	C:\WINDOWS\System32\NSI.dll
0x00007fff3b3a0000 - 0x00007fff3b3da000 	C:\WINDOWS\SYSTEM32\IPHLPAPI.DLL
0x00007fff2e2f0000 - 0x00007fff2e2fa000 	C:\Windows\System32\rasadhlp.dll
0x00007fff301c0000 - 0x00007fff30237000 	C:\WINDOWS\System32\fwpuclnt.dll
0x00007fff3cff0000 - 0x00007fff3d016000 	C:\WINDOWS\System32\bcrypt.dll
0x00007fff2e470000 - 0x00007fff2e479000 	C:\Program Files\Java\jdk-12.0.1\bin\management.dll
0x00007fff1c5c0000 - 0x00007fff1c5cc000 	C:\Program Files\Java\jdk-12.0.1\bin\management_ext.dll
0x00007fff3b200000 - 0x00007fff3b233000 	C:\WINDOWS\system32\rsaenh.dll
0x00007fff3bda0000 - 0x00007fff3bdc5000 	C:\WINDOWS\SYSTEM32\USERENV.dll
0x00007fff302a0000 - 0x00007fff302b6000 	C:\WINDOWS\SYSTEM32\dhcpcsvc6.DLL
0x00007fff304c0000 - 0x00007fff304dc000 	C:\WINDOWS\SYSTEM32\dhcpcsvc.DLL
0x00007fff13cf0000 - 0x00007fff13d06000 	C:\WINDOWS\system32\napinsp.dll
0x00007fff13cd0000 - 0x00007fff13cea000 	C:\WINDOWS\system32\pnrpnsp.dll
0x00007fff12d20000 - 0x00007fff12d2e000 	C:\WINDOWS\System32\winrnr.dll
0x00007fff37f80000 - 0x00007fff37f9c000 	C:\WINDOWS\system32\NLAapi.dll
0x00007fff36a50000 - 0x00007fff36a65000 	C:\WINDOWS\system32\wshbth.dll

dbghelp: loaded successfully - version: 4.0.5 - missing functions: none
symbol engine: initialized successfully - sym options: 0x614 - pdb path: .;C:\Program Files\Java\jdk-12.0.1\bin;C:\WINDOWS\SYSTEM32;C:\WINDOWS\WinSxS\amd64_microsoft.windows.common-controls_6595b64144ccf1df_6.0.18362.356_none_e6c4af7d130f27cc;C:\Program Files\Java\jdk-12.0.1\bin\server

VM Arguments:
jvm_args: -XX:TieredStopAtLevel=1 -Xverify:none -Dspring.output.ansi.enabled=always -Dcom.sun.management.jmxremote -Dspring.jmx.enabled=true -Dspring.liveBeansView.mbeanDomain -Dspring.application.admin.enabled=true -javaagent:D:\Users\Õı»—Û\IntelliJ IDEA 2019.1.3\lib\idea_rt.jar=53171:D:\Users\Õı»—Û\IntelliJ IDEA 2019.1.3\bin -Dfile.encoding=UTF-8 
java_command: com.example.demo.DemoApplication
java_class_path (initial): D:\IdeaProjects\demo\target\classes;C:\Users\Õı»—Û\.m2\repository\org\springframework\boot\spring-boot-starter-thymeleaf\2.1.6.RELEASE\spring-boot-starter-thymeleaf-2.1.6.RELEASE.jar;C:\Users\Õı»—Û\.m2\repository\org\springframework\boot\spring-boot-starter\2.1.6.RELEASE\spring-boot-starter-2.1.6.RELEASE.jar;C:\Users\Õı»—Û\.m2\repository\org\springframework\boot\spring-boot\2.1.6.RELEASE\spring-boot-2.1.6.RELEASE.jar;C:\Users\Õı»—Û\.m2\repository\org\springframework\boot\spring-boot-autoconfigure\2.1.6.RELEASE\spring-boot-autoconfigure-2.1.6.RELEASE.jar;C:\Users\Õı»—Û\.m2\repository\org\springframework\boot\spring-boot-starter-logging\2.1.6.RELEASE\spring-boot-starter-logging-2.1.6.RELEASE.jar;C:\Users\Õı»—Û\.m2\repository\ch\qos\logback\logback-classic\1.2.3\logback-classic-1.2.3.jar;C:\Users\Õı»—Û\.m2\repository\ch\qos\logback\logback-core\1.2.3\logback-core-1.2.3.jar;C:\Users\Õı»—Û\.m2\repository\org\apache\logging\log4j\log4j-to-slf4j\2.11.2\log4j-to-slf4j-2.11.2.jar;C:\Users\Õı»—Û\.m2\repository\org\apache\logging\log4j\log4j-api\2.11.2\log4j-api-2.11.2.jar;C:\Users\Õı»—Û\.m2\repository\org\slf4j\jul-to-slf4j\1.7.26\jul-to-slf4j-1.7.26.jar;C:\Users\Õı»—Û\.m2\repository\javax\annotation\javax.annotation-api\1.3.2\javax.annotation-api-1.3.2.jar;C:\Users\Õı»—Û\.m2\repository\org\yaml\snakeyaml\1.23\snakeyaml-1.23.jar;C:\Users\Õı»—Û\.m2\repository\org\thymeleaf\thymeleaf-spring5\3.0.11.RELEASE\thymeleaf-spring5-3.0.11.RELEASE.jar;C:\Users\Õı»—Û\.m2\repository\org\thymeleaf\thymeleaf\3.0.11.RELEASE\thymeleaf-3.0.11.RELEASE.jar;C:\Users\Õı»—Û\.m2\repository\org\attoparser\attoparser\2.0.5.RELEASE\attoparser-2.0.5.RELEASE.jar;C:\Users\Õı»—Û\.m2\repository\org\unbescape\unbescape\1.1.6.RELEASE\unbescape-1.1.6.RELEASE.jar;C:\Users\Õı»—Û\.m2\repository\org\slf4j\slf4j-api\1.7.26\slf4j-api-1.7.26.jar;C:\Users\Õı»—Û\.m2\repository\org\thymeleaf\extras\thymeleaf-extras-java8time\3.0.4.RELEASE\thymeleaf-extras-java8time-3.0.4.RE
Launcher Type: SUN_STANDARD

[Global flags]
     bool BytecodeVerificationLocal                = false                                     {product} {command line}
     bool BytecodeVerificationRemote               = false                                     {product} {command line}
     intx CICompilerCount                          = 3                                         {product} {ergonomic}
     uint ConcGCThreads                            = 1                                         {product} {ergonomic}
     uint G1ConcRefinementThreads                  = 4                                         {product} {ergonomic}
   size_t G1HeapRegionSize                         = 1048576                                   {product} {ergonomic}
    uintx GCDrainStackTargetSize                   = 64                                        {product} {ergonomic}
   size_t InitialHeapSize                          = 60817408                                  {product} {ergonomic}
     bool ManagementServer                         = true                                      {product} {command line}
   size_t MarkStackSize                            = 4194304                                   {product} {ergonomic}
   size_t MaxHeapSize                              = 964689920                                 {product} {ergonomic}
   size_t MaxNewSize                               = 578813952                                 {product} {ergonomic}
   size_t MinHeapDeltaBytes                        = 1048576                                   {product} {ergonomic}
    uintx NonNMethodCodeHeapSize                   = 6973028                                {pd product} {ergonomic}
    uintx NonProfiledCodeHeapSize                  = 244685212                              {pd product} {ergonomic}
    uintx ProfiledCodeHeapSize                     = 0                                      {pd product} {ergonomic}
    uintx ReservedCodeCacheSize                    = 251658240                              {pd product} {ergonomic}
     bool SegmentedCodeCache                       = true                                      {product} {ergonomic}
     intx TieredStopAtLevel                        = 1                                         {product} {command line}
     bool UseCompressedClassPointers               = true                                 {lp64_product} {ergonomic}
     bool UseCompressedOops                        = true                                 {lp64_product} {ergonomic}
     bool UseG1GC                                  = true                                      {product} {ergonomic}
     bool UseLargePagesIndividualAllocation        = false                                  {pd product} {ergonomic}

Logging:
Log output configuration:
 #0: stdout all=warning uptime,level,tags
 #1: stderr all=off uptime,level,tags

Environment Variables:
JAVA_HOME=C:\Program Files\Java\jdk-10.0.2
JRE_HOME=C:\Program Files\Java\jre-10.0.2
CLASSPATH=.;%JAVA_HOME%\jdk\lib;%JAVA_HOME\jre\lib
PATH=C:\Program Files (x86)\Common Files\Oracle\Java\javapath;C:\WINDOWS\system32;C:\WINDOWS;C:\WINDOWS\System32\Wbem;C:\WINDOWS\System32\WindowsPowerShell\v1.0\;C:\WINDOWS\System32\OpenSSH\;C:\Program Files\Java\jdk-10.0.2\bin;C:\Program Files\Java\jre-10.0.2\bin;C:\Program Files\Microsoft SQL Server\Client SDK\ODBC\130\Tools\Binn\;C:\Program Files (x86)\Microsoft SQL Server\140\Tools\Binn\;C:\Program Files\Microsoft SQL Server\140\Tools\Binn\;C:\Program Files\Microsoft SQL Server\140\DTS\Binn\;C:\Program Files (x86)\Microsoft SQL Server\Client SDK\ODBC\130\Tools\Binn\;C:\Program Files (x86)\Microsoft SQL Server\140\DTS\Binn\;C:\Program Files (x86)\Microsoft SQL Server\140\Tools\Binn\ManagementStudio\;D:\Users\front-end\nodejs\;C:\Program Files\MySQL\MySQL Shell 8.0\bin\;%USERPROFILE%\AppData\Local\Microsoft\WindowsApps;
USERNAME=Õı»—Û
OS=Windows_NT
PROCESSOR_IDENTIFIER=Intel64 Family 6 Model 78 Stepping 3, GenuineIntel



---------------  S Y S T E M  ---------------

OS: Windows 10 , 64 bit Build 18362 (10.0.18362.329)

CPU:total 4 (initial active 4) (2 cores per cpu, 2 threads per core) family 6 model 78 stepping 3, cmov, cx8, fxsr, mmx, sse, sse2, sse3, ssse3, sse4.1, sse4.2, popcnt, avx, avx2, aes, clmul, erms, 3dnowpref, lzcnt, ht, tsc, tscinvbit, bmi1, bmi2, adx, fma

Memory: 4k page, system-wide physical 3676M (325M free)
TotalPageFile size 10851M (AvailPageFile size 1792M)
current process WorkingSet (physical memory assigned to process): 40M, peak: 140M
current process commit charge ("private bytes"): 169M, peak: 169M

vm_info: Java HotSpot(TM) 64-Bit Server VM (12.0.1+12) for windows-amd64 JRE (12.0.1+12), built on Apr  2 2019 14:02:19 by "mach5one" with MS VC++ 15.5 (VS2017)

END.
